id_starname TOI622
dust: allsky
teff -99 0
logg -99 0
feh -99 0
lum -99 0
gmag -99 0
rmag -99 0
imag -99 0
zmag -99 0
jmag -99 0
hmag -99 0
kmag 8.387 0.023
gamag -99 0
bpmag 9.260760000000001 0.002219
rpmag 8.83566 0.003003
parallax 0.004083349326451529 3.20469315893614e-05
bmag -99 0
vmag -99 0
btmag -99 0
vtmag -99 0
numax -99 0
dnu -99 0
dmag -99 0
ra 99.5814180721751
dec -47.6138602540578
number of models used within non-phot obsconstraints: 6999550
number of models incl reddening: 6999550
number of models after phot constraints: 759
----
teff 7554.357880763235 10.985364236326859 16.607110085033128
logg 4.05007944136311 0.018231707962192978 0.0293237632007477
feh 0.03351377058738163 0.09553615180623927 0.1621808250230541
rad 2.0555349448155806 0.029034534328201023 0.036511595662351404
mass 1.7219264408309993 0.07268777968492945 0.07483307180631615
rho 0.1973890764896184 0.011053091661051423 0.014660806804737192
lum 12.372555835202283 0.3295090584166882 0.4374151619515594
age 0.8805952662400257 0.21142904771471283 0.14136482390144023
avs 0.2045551587900284 0.0028793707070905727 0.003130901948638104
dis 244.3008721658298 3.722660084463712 4.18169346640795
created output_spoc/TOI622/posteriors.png
created output_spoc/TOI622/hrd.png
created output_spoc/TOI622/output.csv
