id_starname TOI817
dust: allsky
teff -99 0
logg -99 0
feh -99 0
lum -99 0
gmag -99 0
rmag -99 0
imag -99 0
zmag -99 0
jmag -99 0
hmag -99 0
kmag 8.381 0.031
gamag -99 0
bpmag 8.820030000000001 0.000824
rpmag 8.60096 0.001381
parallax 0.0044001496050865745 3.5702267712932665e-05
bmag -99 0
vmag -99 0
btmag -99 0
vtmag -99 0
numax -99 0
dnu -99 0
dmag -99 0
ra 140.05677512206498
dec -53.119680707387296
number of models used within non-phot obsconstraints: 6999550
number of models incl reddening: 6999550
number of models after phot constraints: 440
----
teff 8408.367799217638 12.149935398203525 20.99046337679465
logg 4.188333303769313 0.02811964009217327 0.025022331895450556
feh -0.027101235018985197 0.16616828560289346 0.08547209225499755
rad 1.8052883311038446 0.035033057333171636 0.04698964584498544
mass 1.8198416338418857 0.11223535386746497 0.02500210437390793
rho 0.31308541560031844 0.022208107144144784 0.02024998511927234
lum 14.766532944440893 0.521829766953342 0.8605887036067603
age 0.4576138416870972 0.14604182135025978 0.2137546512055808
avs 0.14140438507567826 0.002440906428269801 0.00423079126182338
dis 227.03574112092963 3.9465253369517654 6.496102921009083
created output_spoc/TOI817/posteriors.png
created output_spoc/TOI817/hrd.png
created output_spoc/TOI817/output.csv
