id_starname TOI902
dust: allsky
teff -99 0
logg -99 0
feh -99 0
lum -99 0
gmag -99 0
rmag -99 0
imag -99 0
zmag -99 0
jmag -99 0
hmag -99 0
kmag 15.418 0.17
gamag -99 0
bpmag 15.9736 0.004915999999999999
rpmag 15.7357 0.004611
parallax 0.0004503774162748383 6.270590105532594e-05
bmag -99 0
vmag -99 0
btmag -99 0
vtmag -99 0
numax -99 0
dnu -99 0
dmag -99 0
ra 32.1697395593415
dec -9.046006357228961
number of models used within non-phot obsconstraints: 6999550
number of models incl reddening: 6999550
number of models after phot constraints: 6370
----
teff 8037.109437558278 36.19633263290689 34.54547603643732
logg 4.381025311080749 0.031163603620700364 0.022896852435324355
feh -0.4474024377896665 0.1105204415410172 0.1690218950790101
rad 1.260024716844899 0.05082595364257014 0.0668714907793917
mass 1.4006091511965688 0.05991639338064925 0.059516750946515096
rho 0.6871689948511099 0.0951554737458018 0.05819764938437877
lum 5.991025764517296 0.4608230923934924 0.5996514316473833
age 0.29074516977764336 0.28172082309557195 0.14851256893292047
avs 0.0 0.0 0.0
dis 3970.3403699851824 153.16071804171133 216.3772706199361
created output_spoc/TOI902/posteriors.png
created output_spoc/TOI902/hrd.png
created output_spoc/TOI902/output.csv
