id_starname TOI621
dust: allsky
teff -99 0
logg -99 0
feh -99 0
lum -99 0
gmag -99 0
rmag -99 0
imag -99 0
zmag -99 0
jmag -99 0
hmag -99 0
kmag 8.863999999999999 0.024
gamag -99 0
bpmag 9.35115 0.000977
rpmag 9.100439999999999 0.0012900000000000001
parallax 0.0035747479802673908 3.829174348634889e-05
bmag -99 0
vmag -99 0
btmag -99 0
vtmag -99 0
numax -99 0
dnu -99 0
dmag -99 0
ra 166.889032024691
dec -40.2069580584455
number of models used within non-phot obsconstraints: 6999550
number of models incl reddening: 6999550
number of models after phot constraints: 470
----
teff 8456.803486736055 15.068920685245757 13.035388036198128
logg 4.196875741321934 0.027088044932653155 0.04514804806124317
feh -0.03100536602673626 0.16405049611129705 0.2081877641062842
rad 1.7814761984258578 0.04162117357227291 0.036948094435834244
mass 1.8305244635547397 0.10042805178791214 0.09745036293954557
rho 0.3220900552339885 0.022897791733003492 0.03496055731352288
lum 14.624154100321833 0.7198755840722875 0.672497730341366
age 0.4395551122400869 0.23954435905319593 0.2011681801661181
avs 0.22740397224629813 0.0038920769067390115 0.004129428655860384
dis 278.4367446997604 5.906603313578387 5.662665162848839
created output_spoc/TOI621/posteriors.png
created output_spoc/TOI621/hrd.png
created output_spoc/TOI621/output.csv
