id_starname TOI2143
dust: allsky
teff -99 0
logg -99 0
feh -99 0
lum -99 0
gmag -99 0
rmag -99 0
imag -99 0
zmag -99 0
jmag -99 0
hmag -99 0
kmag 8.367 0.024
gamag -99 0
bpmag 9.15018 0.0017170000000000002
rpmag 8.74516 0.0025800000000000003
parallax 0.003276142800512389 5.784610523416729e-05
bmag -99 0
vmag -99 0
btmag -99 0
vtmag -99 0
numax -99 0
dnu -99 0
dmag -99 0
ra 203.16661636190497
dec -38.8459281424864
number of models used within non-phot obsconstraints: 6999550
number of models incl reddening: 6999550
number of models after phot constraints: 621
----
teff 7503.357015104256 12.518159642847422 11.996798724040673
logg 3.8840189558871088 0.026873722281087975 0.03853674336369384
feh 0.008302766683934343 0.23474283269487017 0.20470769999478708
rad 2.575791604457599 0.07156936158173588 0.05875695721936669
mass 1.8607900142482927 0.11470235456950095 0.06893377012713975
rho 0.10751498465547735 0.00970341705029007 0.010919194600106846
lum 18.89695984549999 1.2156925277648867 0.7289886121012152
age 0.9075279813431257 0.1121146631854325 0.1346289938765972
avs 0.15685112798185505 0.0032089474752551306 0.00240008623540669
dis 303.02050949032906 8.338689980096149 6.288777595786598
created output_spoc/TOI2143/posteriors.png
created output_spoc/TOI2143/hrd.png
created output_spoc/TOI2143/output.csv
