id_starname TOI1431
dust: allsky
teff -99 0
logg -99 0
feh -99 0
lum -99 0
gmag -99 0
rmag -99 0
imag -99 0
zmag -99 0
jmag -99 0
hmag -99 0
kmag 9.571 0.02
gamag -99 0
bpmag 9.65048 0.002125
rpmag 9.57865 0.003453
parallax 0.0013001567989099484 0.00019089436094342325
bmag -99 0
vmag -99 0
btmag -99 0
vtmag -99 0
numax -99 0
dnu -99 0
dmag -99 0
ra 40.2455752920843
dec 42.8712762407966
number of models used within non-phot obsconstraints: 6999550
number of models incl reddening: 6999550
number of models after phot constraints: 13849
----
teff 9807.80475945968 68.77187043891354 62.598608951610004
logg 3.837002568167232 0.10835690019487831 0.10717785487520315
feh -0.021778087141221272 0.21114041044810455 0.15750541906337162
rad 3.202640373224639 0.5284944095939355 0.4522888405717831
mass 2.70167049675105 0.19563599817433497 0.18150684601043565
rho 0.07627839553106833 0.036514262069018324 0.025074643900687588
lum 86.03639845014095 29.145961620837838 21.85954913349788
age 0.3253121111825457 0.04234149489688621 0.036499902483076
avs 0.21402865281636801 0.0 0.0
dis 742.0711109458623 121.98370498097506 102.33005328418596
created output_spoc/TOI1431/posteriors.png
created output_spoc/TOI1431/hrd.png
created output_spoc/TOI1431/output.csv
