id_starname TOI742
dust: allsky
teff -99 0
logg -99 0
feh -99 0
lum -99 0
gmag -99 0
rmag -99 0
imag -99 0
zmag -99 0
jmag -99 0
hmag -99 0
kmag 8.895 0.016
gamag -99 0
bpmag 9.47291 0.0007599999999999999
rpmag 9.16719 0.00079
parallax 0.003915181507814702 5.960544090087336e-05
bmag -99 0
vmag -99 0
btmag -99 0
vtmag -99 0
numax -99 0
dnu -99 0
dmag -99 0
ra 124.320405827633
dec 12.6013645232938
number of models used within non-phot obsconstraints: 6999550
number of models incl reddening: 6999550
number of models after phot constraints: 338
----
teff 7678.392771061184 18.32156121697608 4.822615417948327
logg 4.1970026793203905 0.03559023165157171 0.02127891594717557
feh -0.07903244092816761 0.21059382977736948 0.10488200901490216
rad 1.6498256272170189 0.03856204835037791 0.032418854840766675
mass 1.5885431302212405 0.09908646941068677 0.06439160033696112
rho 0.3510020010190359 0.028793078087407664 0.024777487946527454
lum 8.584646021423746 0.39003803236868784 0.30722747118593574
age 0.7557802347986871 0.21839458981731896 0.4417410251777013
avs 0.0 0.0 0.0
dis 253.5970098069475 6.067385949905457 4.85565606950928
created output_spoc/TOI742/posteriors.png
created output_spoc/TOI742/hrd.png
created output_spoc/TOI742/output.csv
