id_starname TOI527
dust: allsky
teff -99 0
logg -99 0
feh -99 0
lum -99 0
gmag -99 0
rmag -99 0
imag -99 0
zmag -99 0
jmag -99 0
hmag -99 0
kmag 9.513 0.013999999999999999
gamag -99 0
bpmag 10.5881 0.001056
rpmag 10.0542 0.001191
parallax 0.0026407241922024693 2.496485884823452e-05
bmag -99 0
vmag -99 0
btmag -99 0
vtmag -99 0
numax -99 0
dnu -99 0
dmag -99 0
ra 62.5730480545792
dec 75.1709010806333
number of models used within non-phot obsconstraints: 6999550
number of models incl reddening: 6999550
number of models after phot constraints: 339
----
teff 7723.304939291498 15.494063082721368 5.048118188077751
logg 4.128972747597129 0.028431949614049934 0.022337665368548087
feh 0.06829844170683155 0.1513460487843977 0.10517455135067236
rad 1.8980623886447185 0.014096220485829702 0.05462497865779192
mass 1.7258449471770556 0.0873925522037855 0.033043330933078874
rho 0.25908545158497487 0.022879287502059698 0.014047658089958781
lum 11.520947970797122 0.20193771210222877 0.5138208362930392
age 0.7051499390948546 0.12666671486280445 0.24305480187586737
avs 0.5197838743799033 4.0190073491430667e-14 2.3314683517128287e-15
dis 377.96796636157154 4.31566884007708 9.620767658659986
created output_spoc/TOI527/posteriors.png
created output_spoc/TOI527/hrd.png
created output_spoc/TOI527/output.csv
