id_starname TOI1641
dust: allsky
teff -99 0
logg -99 0
feh -99 0
lum -99 0
gmag -99 0
rmag -99 0
imag -99 0
zmag -99 0
jmag -99 0
hmag -99 0
kmag 8.613999999999999 0.02
gamag -99 0
bpmag 8.87427 0.001485
rpmag 8.76706 0.001685
parallax 0.002170478026080464 3.325477154872722e-05
bmag -99 0
vmag -99 0
btmag -99 0
vtmag -99 0
numax -99 0
dnu -99 0
dmag -99 0
ra 64.31142478129311
dec -38.8441688281628
number of models used within non-phot obsconstraints: 6999550
number of models incl reddening: 6999550
number of models after phot constraints: 614
----
teff 8718.576748043872 18.63064611442678 18.25849859054324
logg 3.8025276970137565 0.017658929109615862 0.033662293022031164
feh 0.0252095887214884 0.21736945161157598 0.15487883309884035
rad 3.226271856307121 0.06472084563212688 0.05648730745003849
mass 2.4059283518881402 0.09986092017445136 0.09175471029218807
rho 0.07142453429925447 0.0037004532098460913 0.005327732449953243
lum 54.13604071298947 2.3263060529828365 1.6792960181340888
age 0.48485018804098007 0.05172603842688456 0.04523676648793812
avs 0.04889936629061323 0.0002606913316265322 0.000165785363326669
dis 457.31468149236883 10.607018646563915 6.194176124635021
created output_spoc/TOI1641/posteriors.png
created output_spoc/TOI1641/hrd.png
created output_spoc/TOI1641/output.csv
