id_starname TOI476
dust: allsky
teff -99 0
logg -99 0
feh -99 0
lum -99 0
gmag -99 0
rmag -99 0
imag -99 0
zmag -99 0
jmag -99 0
hmag -99 0
kmag 8.048 0.017
gamag -99 0
bpmag 9.40082 0.0017530000000000002
rpmag 8.73972 0.001513
parallax 0.00657713000355165 3.4693428545062705e-05
bmag -99 0
vmag -99 0
btmag -99 0
vtmag -99 0
numax -99 0
dnu -99 0
dmag -99 0
ra 90.16992424024549
dec -8.468099874435769
number of models used within non-phot obsconstraints: 6999550
number of models incl reddening: 6999550
number of models after phot constraints: 1136
----
teff 6223.685813313434 17.78480715378737 26.989019063340493
logg 4.124115022861556 0.02182860791373109 0.03458063954781565
feh 0.024675321267751064 0.15178302709444105 0.1851931987955769
rad 1.6160629022275255 0.028305254853238537 0.02329740912707079
mass 1.2749072753908168 0.0475188534482649 0.06427362736652986
rho 0.2973676027706806 0.01866726722359363 0.02142297055938297
lum 3.5182664606071845 0.16001969720006715 0.07076346718756454
age 2.968940338973188 0.6324009840860776 0.4236831087255899
avs 0.0 0.0 0.0
dis 150.3666271511489 3.1398024100122086 1.6329503341980285
created output_spoc/TOI476/posteriors.png
created output_spoc/TOI476/hrd.png
created output_spoc/TOI476/output.csv
