id_starname TOI901
dust: allsky
teff -99 0
logg -99 0
feh -99 0
lum -99 0
gmag -99 0
rmag -99 0
imag -99 0
zmag -99 0
jmag -99 0
hmag -99 0
kmag 13.842 0.055
gamag -99 0
bpmag 13.8819 0.008683
rpmag 14.1136 0.0014269999999999999
parallax 0.0007405651993601518 6.167994634311828e-05
bmag -99 0
vmag -99 0
btmag -99 0
vtmag -99 0
numax -99 0
dnu -99 0
dmag -99 0
ra 65.65532460344379
dec -54.147175288661
number of models used within non-phot obsconstraints: 6999550
number of models incl reddening: 6999550
number of models after phot constraints: 0
----
created output_spoc/TOI901/output.csv
