id_starname TOI838
dust: allsky
teff -99 0
logg -99 0
feh -99 0
lum -99 0
gmag -99 0
rmag -99 0
imag -99 0
zmag -99 0
jmag -99 0
hmag -99 0
kmag 8.823 0.019
gamag -99 0
bpmag 9.30767 0.0016539999999999999
rpmag 9.0607 0.002105
parallax 0.0036735398597442476 2.955382027147424e-05
bmag -99 0
vmag -99 0
btmag -99 0
vtmag -99 0
numax -99 0
dnu -99 0
dmag -99 0
ra 107.843695538616
dec -68.8334911423119
number of models used within non-phot obsconstraints: 6999550
number of models incl reddening: 6999550
number of models after phot constraints: 714
----
teff 8589.058543089932 18.37877372301955 26.06198502926236
logg 4.2170408960893315 0.02146624377732742 0.02359067364077383
feh 0.008320736310987027 0.1381096218754301 0.1619690295669255
rad 1.7599513067253598 0.03758259797049579 0.03222790013476007
mass 1.8679740154524975 0.08009635293788953 0.06792971814107096
rho 0.33985415570974964 0.024320547229346845 0.02103089776149919
lum 15.17978542461663 0.6356980604293057 0.5549456323721511
age 0.34863367408961804 0.16276919164723896 0.1463161424179673
avs 0.2677342569805802 0.004433423469646369 0.004649128529057023
dis 271.6561030196331 5.449311161641788 5.171059754688372
created output_spoc/TOI838/posteriors.png
created output_spoc/TOI838/hrd.png
created output_spoc/TOI838/output.csv
