id_starname TOI709
dust: allsky
teff -99 0
logg -99 0
feh -99 0
lum -99 0
gmag -99 0
rmag -99 0
imag -99 0
zmag -99 0
jmag -99 0
hmag -99 0
kmag 8.604 0.021
gamag -99 0
bpmag 10.0198 0.000597
rpmag 9.32627 0.000683
parallax 0.005485042289676054 4.311279222169326e-05
bmag -99 0
vmag -99 0
btmag -99 0
vtmag -99 0
numax -99 0
dnu -99 0
dmag -99 0
ra 183.118789080501
dec -49.007639272326706
number of models used within non-phot obsconstraints: 6999550
number of models incl reddening: 6999550
number of models after phot constraints: 638
----
teff 6284.989066241673 25.027687427500496 14.468456231400523
logg 4.170347978280077 0.03154177580439832 0.027389074002512892
feh -0.06590589027462945 0.18667000066153805 0.12130855626106052
rad 1.5151183121435647 0.01410386115076645 0.02650460684779299
mass 1.249514656591005 0.04389424128946917 0.053733673688201034
rho 0.35518639179272055 0.033084447065066636 0.021617756323590642
lum 3.236294286670332 0.05126924808219391 0.11250364861073026
age 2.8789443780869726 0.47530377256829226 0.5888464909158877
avs 0.10825127063905508 0.0008245435818683561 0.0016387831722142754
dis 182.6891477215846 1.2727764570621218 2.9474547051721913
created output_spoc/TOI709/posteriors.png
created output_spoc/TOI709/hrd.png
created output_spoc/TOI709/output.csv
