id_starname TOI525
dust: allsky
teff -99 0
logg -99 0
feh -99 0
lum -99 0
gmag -99 0
rmag -99 0
imag -99 0
zmag -99 0
jmag -99 0
hmag -99 0
kmag 7.858 0.023
gamag -99 0
bpmag 9.14987 0.001857
rpmag 8.52127 0.00281
parallax 0.008110497416806573 3.0850898955224236e-05
bmag -99 0
vmag -99 0
btmag -99 0
vtmag -99 0
numax -99 0
dnu -99 0
dmag -99 0
ra 125.30508342041
dec -46.484220200456896
number of models used within non-phot obsconstraints: 6999550
number of models incl reddening: 6999550
number of models after phot constraints: 2881
----
teff 6577.013997103452 15.926249756062134 30.214526309879147
logg 4.256940146653543 0.025610615509108037 0.03216184996193139
feh 0.06817369050580999 0.1037298373228254 0.22164738309129575
rad 1.4096090628777902 0.029777592880259496 0.03039085873095293
mass 1.319380258149122 0.0468301690920534 0.06386940996477364
rho 0.4686586062152778 0.037619647980304816 0.04530912998461589
lum 3.348568446286076 0.1074176042958479 0.1381353939621519
age 1.2723157631324706 0.7648431753451537 0.6026293347787895
avs 0.12580105594759602 0.0021141182332098385 0.002603879842554946
dis 123.48938223195736 2.0047832639434944 2.5744108882518475
created output_spoc/TOI525/posteriors.png
created output_spoc/TOI525/hrd.png
created output_spoc/TOI525/output.csv
