id_starname TOI522
dust: allsky
teff -99 0
logg -99 0
feh -99 0
lum -99 0
gmag -99 0
rmag -99 0
imag -99 0
zmag -99 0
jmag -99 0
hmag -99 0
kmag 8.503 0.013000000000000001
gamag -99 0
bpmag 9.45277 0.001282
rpmag 8.97541 0.0025039999999999997
parallax 0.005467259317576692 3.8574237997084416e-05
bmag -99 0
vmag -99 0
btmag -99 0
vtmag -99 0
numax -99 0
dnu -99 0
dmag -99 0
ra 79.0736590848513
dec 79.7376706381447
number of models used within non-phot obsconstraints: 6999550
number of models incl reddening: 6999550
number of models after phot constraints: 1435
----
teff 6936.189463961801 19.98422370744538 14.952079761650566
logg 4.2298966846448405 0.02693157170540683 0.02757261808089062
feh 0.007868666128482884 0.10917142145591491 0.1516178583301088
rad 1.4935711955988729 0.030863298436876185 0.01733473698893162
mass 1.4022061178573777 0.06377584042750262 0.05891751409068058
rho 0.4150962921027563 0.022191002948370675 0.032708626624117165
lum 4.679532863356929 0.18356160375951358 0.12363088641478281
age 0.9728731775706051 0.4420463417637338 0.523590069924901
avs 0.0 0.0 0.0
dis 182.30033451352426 3.7209518341116166 2.444215608695231
created output_spoc/TOI522/posteriors.png
created output_spoc/TOI522/hrd.png
created output_spoc/TOI522/output.csv
