id_starname TOI710
dust: allsky
teff -99 0
logg -99 0
feh -99 0
lum -99 0
gmag -99 0
rmag -99 0
imag -99 0
zmag -99 0
jmag -99 0
hmag -99 0
kmag 7.994 0.024
gamag -99 0
bpmag 8.87065 0.0009109999999999999
rpmag 8.45384 0.0013390000000000001
parallax 0.006340309787536219 2.9204957238700384e-05
bmag -99 0
vmag -99 0
btmag -99 0
vtmag -99 0
numax -99 0
dnu -99 0
dmag -99 0
ra 124.748837421064
dec -65.2781441063646
number of models used within non-phot obsconstraints: 6999550
number of models incl reddening: 6999550
number of models after phot constraints: 488
----
teff 7425.808175412868 12.960543022058118 13.329661806033982
logg 4.2105196714501565 0.03679197952335578 0.017935237020070716
feh 0.015952316665097405 0.10329053905884258 0.2026579288670974
rad 1.588652075379853 0.03294575697635249 0.030289653338559264
mass 1.5399901139315024 0.06957790912527706 0.09538614729138595
rho 0.3741124462366 0.03788627105407966 0.01800021083425407
lum 6.918640181308593 0.3252669229763381 0.24270326680463405
age 0.7092805681610058 0.41319567731921303 0.4336457269192887
avs 0.11357342845263148 0.002808634921376993 0.0014871600015036734
dis 157.07629115182374 3.7516139539453945 2.2493404207520484
created output_spoc/TOI710/posteriors.png
created output_spoc/TOI710/hrd.png
created output_spoc/TOI710/output.csv
