id_starname TOI777
dust: allsky
teff -99 0
logg -99 0
feh -99 0
lum -99 0
gmag -99 0
rmag -99 0
imag -99 0
zmag -99 0
jmag -99 0
hmag -99 0
kmag 8.109 0.028999999999999998
gamag -99 0
bpmag 9.65723 0.001267
rpmag 8.91182 0.004027
parallax 0.004557075086926207 4.069280589517772e-05
bmag -99 0
vmag -99 0
btmag -99 0
vtmag -99 0
numax -99 0
dnu -99 0
dmag -99 0
ra 259.49575842721697
dec -45.8835290241942
number of models used within non-phot obsconstraints: 6999550
number of models incl reddening: 6999550
number of models after phot constraints: 1469
----
teff 6196.128348189239 26.133058210084528 25.23299759393467
logg 3.876903411003045 0.02706176918476988 0.05354222202618297
feh 0.12078716358097769 0.05700194514622983 0.19979133307796285
rad 2.29796365434872 0.05582954224182979 0.03947389178202654
mass 1.4847171561108095 0.051467451110474016 0.16886466893039676
rho 0.11783004265908395 0.009853911372941948 0.013954602498717467
lum 7.038471347434667 0.35503049618110527 0.24909914876242922
age 2.290567974920556 0.831356470196698 0.31137241368095214
avs 0.1659375929457247 0.003782168226334953 0.0032223175084120648
dis 218.8608513383427 4.897624838255439 4.02379167850134
created output_spoc/TOI777/posteriors.png
created output_spoc/TOI777/hrd.png
created output_spoc/TOI777/output.csv
