id_starname TOI1417
dust: allsky
teff -99 0
logg -99 0
feh -99 0
lum -99 0
gmag -99 0
rmag -99 0
imag -99 0
zmag -99 0
jmag -99 0
hmag -99 0
kmag 10.161 0.023
gamag -99 0
bpmag 11.0749 0.001504
rpmag 10.6358 0.0011359999999999999
parallax 0.002373329472717391 2.584279450248462e-05
bmag -99 0
vmag -99 0
btmag -99 0
vtmag -99 0
numax -99 0
dnu -99 0
dmag -99 0
ra 117.89498223629101
dec -60.4124381390389
number of models used within non-phot obsconstraints: 6999550
number of models incl reddening: 6999550
number of models after phot constraints: 610
----
teff 7863.464824839866 8.850525976940844 17.821583554835343
logg 4.261702794203309 0.020367850768713502 0.024328867049935532
feh -0.07862821479617463 0.09266244400117984 0.11075672363018885
rad 1.540795014528321 0.031217518846585746 0.030480083238023647
mass 1.598860775121411 0.047799023387481654 0.058346933868906437
rho 0.4259667562701664 0.031113644672471463 0.025707510967970193
lum 8.175815648248776 0.38887810388964894 0.39460760824592533
age 0.41878265138341775 0.33119989813970874 0.20637374235100608
avs 0.36558048280404665 0.006093487290115218 0.006175930869867452
dis 420.64594494348756 8.329453317413709 8.44550520706224
created output_spoc/TOI1417/posteriors.png
created output_spoc/TOI1417/hrd.png
created output_spoc/TOI1417/output.csv
