id_starname TOI503
dust: allsky
teff -99 0
logg -99 0
feh -99 0
lum -99 0
gmag -99 0
rmag -99 0
imag -99 0
zmag -99 0
jmag -99 0
hmag -99 0
kmag 10.398 0.02
gamag -99 0
bpmag 11.5386 0.0011279999999999999
rpmag 10.9798 0.0007740000000000001
parallax 0.002169427986922688 3.733365912269248e-05
bmag -99 0
vmag -99 0
btmag -99 0
vtmag -99 0
numax -99 0
dnu -99 0
dmag -99 0
ra 351.57970347397696
dec 38.5529750885972
number of models used within non-phot obsconstraints: 6999550
number of models incl reddening: 6999550
number of models after phot constraints: 561
----
teff 7440.356730519102 17.37223474919483 3.37688931331013
logg 4.238991748576904 0.01986250076544316 0.022650711103245236
feh -0.037534058128802325 0.11343442597526295 0.15281450661198942
rad 1.5417825113670633 0.030044387983957588 0.03609642936362478
mass 1.5128674304917622 0.06289420047995264 0.06967232959593406
rho 0.40881145497618826 0.023530021650776 0.019688055203582355
lum 6.573730559607473 0.2731829663197507 0.2915638134950038
age 0.6064170641909514 0.4169964861871658 0.2869464964681355
avs 0.42805730563273603 0.0 0.0
dis 456.55991833088666 9.849894925531146 11.244477269394281
created output_spoc/TOI503/posteriors.png
created output_spoc/TOI503/hrd.png
created output_spoc/TOI503/output.csv
