id_starname TOI464
dust: allsky
teff -99 0
logg -99 0
feh -99 0
lum -99 0
gmag -99 0
rmag -99 0
imag -99 0
zmag -99 0
jmag -99 0
hmag -99 0
kmag 7.79 0.021
gamag -99 0
bpmag 8.36127 0.001381
rpmag 8.09549 0.001598
parallax 0.0054310930074677535 3.493892555245379e-05
bmag -99 0
vmag -99 0
btmag -99 0
vtmag -99 0
numax -99 0
dnu -99 0
dmag -99 0
ra 134.718515758572
dec -43.4528821348845
number of models used within non-phot obsconstraints: 6999550
number of models incl reddening: 6999550
number of models after phot constraints: 1584
----
teff 12231.104939080813 243.5046012047551 219.68988619491756
logg 4.3827101407268785 0.005409277811623703 0.008851593116424361
feh -0.5219009122137458 0.022300769640477225 0.10165790061183255
rad 1.6640311940988424 0.014849695741954827 0.020624191672963033
mass 2.4351261689771047 0.04688481422973467 0.06935023440906685
rho 0.5299408377679867 0.008369798568788278 0.013886422253300168
lum 55.90495245522545 5.5775200896073756 5.023560484050904
age 0.11946651620152907 0.04340520418769678 0.01946651620152906
avs 0.8688165070783992 0.016263483827692715 0.016190907217343953
dis 183.41819165739423 3.2453538027689888 3.2322484882198808
created output_spoc/TOI464/posteriors.png
created output_spoc/TOI464/hrd.png
created output_spoc/TOI464/output.csv
