id_starname TOI671
dust: allsky
teff -99 0
logg -99 0
feh -99 0
lum -99 0
gmag -99 0
rmag -99 0
imag -99 0
zmag -99 0
jmag -99 0
hmag -99 0
kmag 10.193999999999999 0.024
gamag -99 0
bpmag 10.9171 0.000926
rpmag 10.5727 0.000682
parallax 0.0015354779866198448 5.2173380594184745e-05
bmag -99 0
vmag -99 0
btmag -99 0
vtmag -99 0
numax -99 0
dnu -99 0
dmag -99 0
ra 169.414496635801
dec -44.0171244830727
number of models used within non-phot obsconstraints: 6999550
number of models incl reddening: 6999550
number of models after phot constraints: 428
----
teff 8095.9373290560325 7.281387540601827 15.420749829326269
logg 3.997804996757879 0.01844215898327528 0.0407458221765844
feh 0.06861025734367959 0.1348116709199808 0.15801332834065263
rad 2.3225003510093845 0.11008392677494605 0.012977136033142767
mass 2.002408096006433 0.04105364997571792 0.1142944881116037
rho 0.15538774212941353 0.0072591350283467415 0.018815485104711233
lum 20.82403362393807 2.123321370973592 0.12256286044069142
age 0.642468872998572 0.13716324782429135 0.0760182052062961
avs 0.2980876197376453 0.006837355482885887 0.0003898208987697105
dis 653.9696221427911 30.07921902574651 1.9329665921918604
created output_spoc/TOI671/posteriors.png
created output_spoc/TOI671/hrd.png
created output_spoc/TOI671/output.csv
