id_starname TOI760
dust: allsky
teff -99 0
logg -99 0
feh -99 0
lum -99 0
gmag -99 0
rmag -99 0
imag -99 0
zmag -99 0
jmag -99 0
hmag -99 0
kmag 8.833 0.021
gamag -99 0
bpmag 10.3453 0.001233
rpmag 9.64058 0.001258
parallax 0.005250253324722918 4.300164955907191e-05
bmag -99 0
vmag -99 0
btmag -99 0
vtmag -99 0
numax -99 0
dnu -99 0
dmag -99 0
ra 261.062911702233
dec -50.3859528021206
number of models used within non-phot obsconstraints: 6999550
number of models incl reddening: 6999550
number of models after phot constraints: 1520
----
teff 6355.837876143824 21.221125895754994 28.137070318462975
logg 4.21768597821666 0.034109302183394696 0.023115490656493876
feh -0.08016098271581477 0.25818636173312676 0.1810230568591228
rad 1.43027145388614 0.013659381553707828 0.039293971067593914
mass 1.2379976834538202 0.05545223658207177 0.06710993464707271
rho 0.4212115258367046 0.041905432778516105 0.024858496522569495
lum 2.9768935853685385 0.07941653368129131 0.1546096735427258
age 2.5094582107034356 0.7140796336832684 0.8268565643293828
avs 0.17107408894317044 0.0016345609990326415 0.004324604080564065
dis 191.68936799847125 1.638634877052482 5.070388011991042
created output_spoc/TOI760/posteriors.png
created output_spoc/TOI760/hrd.png
created output_spoc/TOI760/output.csv
