id_starname TOI1228
dust: allsky
teff -99 0
logg -99 0
feh -99 0
lum -99 0
gmag -99 0
rmag -99 0
imag -99 0
zmag -99 0
jmag -99 0
hmag -99 0
kmag 7.439 0.028999999999999998
gamag -99 0
bpmag 8.12265 0.0008900000000000001
rpmag 7.77235 0.001377
parallax 0.0067147893234849754 4.630578234157508e-05
bmag -99 0
vmag -99 0
btmag -99 0
vtmag -99 0
numax -99 0
dnu -99 0
dmag -99 0
ra 316.203602819585
dec 55.5879192841525
number of models used within non-phot obsconstraints: 6999550
number of models incl reddening: 6999550
number of models after phot constraints: 420
----
teff 7650.277511458564 9.908626754564466 10.680407424552868
logg 4.102418555894534 0.02698699136754179 0.018650273510601778
feh -0.030037743419030278 0.18844035499317272 0.05784317084931202
rad 1.907777032943197 0.026605879359066886 0.05116813299912182
mass 1.6867589891849837 0.07746784616312596 0.05637788774014307
rho 0.23921490626441286 0.02349934337905199 0.009515360326520395
lum 11.267331749976623 0.27062119058206946 0.5687946991108124
age 0.8696875879433857 0.09672626510442806 0.26357126983479817
avs 0.08906440082196283 0.0012400528775457637 0.0022846083476411733
dis 148.51359853987628 2.1482622753354406 4.019143769000408
created output_spoc/TOI1228/posteriors.png
created output_spoc/TOI1228/hrd.png
created output_spoc/TOI1228/output.csv
