id_starname TOI1414
dust: allsky
teff -99 0
logg -99 0
feh -99 0
lum -99 0
gmag -99 0
rmag -99 0
imag -99 0
zmag -99 0
jmag -99 0
hmag -99 0
kmag 11.45 0.021
gamag -99 0
bpmag 13.1532 0.001199
rpmag 12.3565 0.000874
parallax 0.0014689745235748374 3.9090107623769455e-05
bmag -99 0
vmag -99 0
btmag -99 0
vtmag -99 0
numax -99 0
dnu -99 0
dmag -99 0
ra 133.258919629747
dec -22.1981437962986
number of models used within non-phot obsconstraints: 6999550
number of models incl reddening: 6999550
number of models after phot constraints: 1774
----
teff 6631.689601891888 15.025811329596763 16.129763310297676
logg 4.211892599824296 0.029703073791614187 0.030601583944211974
feh 0.04722395049658463 0.12535719507471746 0.09142797514374612
rad 1.492938527393211 0.045181457567968986 0.05300344878214647
mass 1.3496062819977048 0.057389933654344194 0.05672092529692452
rho 0.39404911811709725 0.04171883381605607 0.03563915673099877
lum 3.8805585468892407 0.21395886597592417 0.25757954423936447
age 1.4684210707635923 0.47274273714553217 0.5199058856014707
avs 0.5197838743798279 0.0 0.0
dis 673.980543325531 19.385604717597516 22.102148505411265
created output_spoc/TOI1414/posteriors.png
created output_spoc/TOI1414/hrd.png
created output_spoc/TOI1414/output.csv
