id_starname TOI1715
dust: allsky
teff -99 0
logg -99 0
feh -99 0
lum -99 0
gmag -99 0
rmag -99 0
imag -99 0
zmag -99 0
jmag -99 0
hmag -99 0
kmag 6.931 0.021
gamag -99 0
bpmag 7.674169999999999 0.00109
rpmag 7.3305 0.00124
parallax 0.008994504357837359 4.744850021921058e-05
bmag -99 0
vmag -99 0
btmag -99 0
vtmag -99 0
numax -99 0
dnu -99 0
dmag -99 0
ra 124.602826721589
dec -7.57127954830024
number of models used within non-phot obsconstraints: 6999550
number of models incl reddening: 6999550
number of models after phot constraints: 376
----
teff 7501.962808417134 17.60364233711789 2.958940897998218
logg 4.127474697157642 0.04380893773155048 0.014378865516281536
feh 0.03601001010332609 0.10207034519803838 0.13530342665174633
rad 1.799848793884595 0.04877028092570823 0.02661054683513364
mass 1.6250596766484215 0.08532779951461023 0.0441570145786514
rho 0.271911632382187 0.026169814541251335 0.01814860290889736
lum 9.339942523849382 0.4104035821825658 0.39658570208008825
age 0.8181392735865803 0.1858415316434746 0.25925205309871724
avs 0.0 0.0 0.0
dis 110.69889316536891 2.6795104200237745 1.7854776250461981
created output_spoc/TOI1715/posteriors.png
created output_spoc/TOI1715/hrd.png
created output_spoc/TOI1715/output.csv
