id_starname TOI681
dust: allsky
teff -99 0
logg -99 0
feh -99 0
lum -99 0
gmag -99 0
rmag -99 0
imag -99 0
zmag -99 0
jmag -99 0
hmag -99 0
kmag 7.9910000000000005 0.017
gamag -99 0
bpmag 8.94121 0.004157
rpmag 8.4728 0.002611
parallax 0.00659944036745684 4.538182291649087e-05
bmag -99 0
vmag -99 0
btmag -99 0
vtmag -99 0
numax -99 0
dnu -99 0
dmag -99 0
ra 335.82524699681
dec 35.0350000540585
number of models used within non-phot obsconstraints: 6999550
number of models incl reddening: 6999550
number of models after phot constraints: 2232
----
teff 6972.34504829849 27.60165510112165 26.8869220700617
logg 4.203318760210634 0.026289175778833496 0.02940845612291554
feh 0.012323382412156771 0.1637583725013862 0.12074588102618174
rad 1.5618326200608872 0.03763651368732446 0.019889645628664576
mass 1.4327282777593164 0.07506106815784386 0.062400505538529716
rho 0.3684363132097149 0.028252831108878995 0.026580671146842316
lum 5.1837551792449 0.26433742206232314 0.06863256969797948
age 1.0439527000475008 0.41972518777410994 0.49880217976018804
avs 0.0 0.0 0.0
dis 150.50665901165138 3.726823366377289 1.363265971420276
created output_spoc/TOI681/posteriors.png
created output_spoc/TOI681/hrd.png
created output_spoc/TOI681/output.csv
